<?xml version="1.0" encoding="UTF-8"?>
<!-- Generated by org.testng.reporters.JUnitReportReporter -->
<testsuite hostname="332MW-PC" name="com.expedia.flightsbooking.TestNG_TestSuite" tests="2" failures="0" timestamp="20 Dec 2015 04:12:41 GMT" time="8.962" errors="0">
  <testcase name="BfillAdvancedInfo" time="3.821" classname="com.expedia.flightsbooking.TestNG_TestSuite"/>
  <testcase name="AfillBasicInfo" time="5.141" classname="com.expedia.flightsbooking.TestNG_TestSuite"/>
</testsuite> <!-- com.expedia.flightsbooking.TestNG_TestSuite -->
